|ERROR|2023-06-02 13:01:40,432|Server reports an error: {'executed': False, 'error': '{"code":18,"message":"The Stop distance must be ","parameters":["<",0]}'}.
|ERROR|2023-06-02 13:01:40,432|URL: https://api-demo.fxcm.com:443/trading/change_trade_stop_limit
|ERROR|2023-06-02 13:01:40,432|Headers: {'User-Agent': 'request', 'Accept-Encoding': 'gzip, deflate', 'Accept': 'application/json', 'Connection': 'keep-alive', 'Authorization': 'Bearer GL5z-PCQkN6fW6SwAAIbb95692a9557373f325ae43cc6401b5d74a097959', 'Content-Type': 'application/x-www-form-urlencoded', 'Content-Length': '71'}
|ERROR|2023-06-02 13:01:40,432|Params: {'trade_id': 75016666, 'is_in_pips': 'true', 'is_stop': 'true', 'rate': 2.0, 'trailing_step': 0}
|ERROR|2023-06-02 13:01:40,434|Bearer token: Bearer GL5z-PCQkN6fW6SwAAIbb95692a9557373f325ae43cc6401b5d74a097959
|ERROR|2023-06-02 13:01:40,434|Connection status: established
|ERROR|2023-06-02 13:01:40,434|Socket session id: GL5z-PCQkN6fW6SwAAIb
|ERROR|2023-06-02 13:01:40,434|Can not parse server answer to json object: {"response":{"executed":false,"error":"{\"code\":18,\"message\":\"The Stop distance must be \",\"parameters\":[\"<\",0]}"},"data":{}}.
|ERROR|2023-06-02 13:01:44,294|Server reports an error: {'executed': False, 'error': '{"code":18,"message":"The Stop distance must be ","parameters":["<",0]}'}.
|ERROR|2023-06-02 13:01:44,295|URL: https://api-demo.fxcm.com:443/trading/change_trade_stop_limit
|ERROR|2023-06-02 13:01:44,295|Headers: {'User-Agent': 'request', 'Accept-Encoding': 'gzip, deflate', 'Accept': 'application/json', 'Connection': 'keep-alive', 'Authorization': 'Bearer GL5z-PCQkN6fW6SwAAIbb95692a9557373f325ae43cc6401b5d74a097959', 'Content-Type': 'application/x-www-form-urlencoded', 'Content-Length': '71'}
|ERROR|2023-06-02 13:01:44,296|Params: {'trade_id': 75016666, 'is_in_pips': 'true', 'is_stop': 'true', 'rate': 2.0, 'trailing_step': 0}
|ERROR|2023-06-02 13:01:44,296|Bearer token: Bearer GL5z-PCQkN6fW6SwAAIbb95692a9557373f325ae43cc6401b5d74a097959
|ERROR|2023-06-02 13:01:44,296|Connection status: established
|ERROR|2023-06-02 13:01:44,297|Socket session id: GL5z-PCQkN6fW6SwAAIb
|ERROR|2023-06-02 13:01:44,297|Can not parse server answer to json object: {"response":{"executed":false,"error":"{\"code\":18,\"message\":\"The Stop distance must be \",\"parameters\":[\"<\",0]}"},"data":{}}.
|ERROR|2023-06-02 13:01:46,883|Server reports an error: {'executed': False, 'error': '{"code":18,"message":"The Stop distance must be ","parameters":["<",0]}'}.
|ERROR|2023-06-02 13:01:46,884|URL: https://api-demo.fxcm.com:443/trading/change_trade_stop_limit
|ERROR|2023-06-02 13:01:46,884|Headers: {'User-Agent': 'request', 'Accept-Encoding': 'gzip, deflate', 'Accept': 'application/json', 'Connection': 'keep-alive', 'Authorization': 'Bearer GL5z-PCQkN6fW6SwAAIbb95692a9557373f325ae43cc6401b5d74a097959', 'Content-Type': 'application/x-www-form-urlencoded', 'Content-Length': '71'}
|ERROR|2023-06-02 13:01:46,884|Params: {'trade_id': 75016666, 'is_in_pips': 'true', 'is_stop': 'true', 'rate': 2.0, 'trailing_step': 0}
|ERROR|2023-06-02 13:01:46,884|Bearer token: Bearer GL5z-PCQkN6fW6SwAAIbb95692a9557373f325ae43cc6401b5d74a097959
|ERROR|2023-06-02 13:01:46,884|Connection status: established
|ERROR|2023-06-02 13:01:46,884|Socket session id: GL5z-PCQkN6fW6SwAAIb
|ERROR|2023-06-02 13:01:46,884|Can not parse server answer to json object: {"response":{"executed":false,"error":"{\"code\":18,\"message\":\"The Stop distance must be \",\"parameters\":[\"<\",0]}"},"data":{}}.
|ERROR|2023-06-02 13:01:51,011|Server reports an error: {'executed': False, 'error': '{"code":18,"message":"The Stop distance must be ","parameters":["<",0]}'}.
|ERROR|2023-06-02 13:01:51,012|URL: https://api-demo.fxcm.com:443/trading/change_trade_stop_limit
|ERROR|2023-06-02 13:01:51,012|Headers: {'User-Agent': 'request', 'Accept-Encoding': 'gzip, deflate', 'Accept': 'application/json', 'Connection': 'keep-alive', 'Authorization': 'Bearer GL5z-PCQkN6fW6SwAAIbb95692a9557373f325ae43cc6401b5d74a097959', 'Content-Type': 'application/x-www-form-urlencoded', 'Content-Length': '71'}
|ERROR|2023-06-02 13:01:51,012|Params: {'trade_id': 75016666, 'is_in_pips': 'true', 'is_stop': 'true', 'rate': 2.0, 'trailing_step': 0}
|ERROR|2023-06-02 13:01:51,012|Bearer token: Bearer GL5z-PCQkN6fW6SwAAIbb95692a9557373f325ae43cc6401b5d74a097959
|ERROR|2023-06-02 13:01:51,013|Connection status: established
|ERROR|2023-06-02 13:01:51,013|Socket session id: GL5z-PCQkN6fW6SwAAIb
|ERROR|2023-06-02 13:01:51,013|Can not parse server answer to json object: {"response":{"executed":false,"error":"{\"code\":18,\"message\":\"The Stop distance must be \",\"parameters\":[\"<\",0]}"},"data":{}}.
|ERROR|2023-06-02 13:01:55,185|Server reports an error: {'executed': False, 'error': '{"code":18,"message":"The Stop distance must be ","parameters":["<",0]}'}.
|ERROR|2023-06-02 13:01:55,185|URL: https://api-demo.fxcm.com:443/trading/change_trade_stop_limit
|ERROR|2023-06-02 13:01:55,185|Headers: {'User-Agent': 'request', 'Accept-Encoding': 'gzip, deflate', 'Accept': 'application/json', 'Connection': 'keep-alive', 'Authorization': 'Bearer GL5z-PCQkN6fW6SwAAIbb95692a9557373f325ae43cc6401b5d74a097959', 'Content-Type': 'application/x-www-form-urlencoded', 'Content-Length': '71'}
|ERROR|2023-06-02 13:01:55,185|Params: {'trade_id': 75016666, 'is_in_pips': 'true', 'is_stop': 'true', 'rate': 2.0, 'trailing_step': 0}
|ERROR|2023-06-02 13:01:55,185|Bearer token: Bearer GL5z-PCQkN6fW6SwAAIbb95692a9557373f325ae43cc6401b5d74a097959
|ERROR|2023-06-02 13:01:55,186|Connection status: established
|ERROR|2023-06-02 13:01:55,186|Socket session id: GL5z-PCQkN6fW6SwAAIb
|ERROR|2023-06-02 13:01:55,186|Can not parse server answer to json object: {"response":{"executed":false,"error":"{\"code\":18,\"message\":\"The Stop distance must be \",\"parameters\":[\"<\",0]}"},"data":{}}.
|ERROR|2023-06-02 13:01:57,075|Server reports an error: {'executed': False, 'error': '{"code":18,"message":"The Stop distance must be ","parameters":["<",0]}'}.
|ERROR|2023-06-02 13:01:57,076|URL: https://api-demo.fxcm.com:443/trading/change_trade_stop_limit
|ERROR|2023-06-02 13:01:57,076|Headers: {'User-Agent': 'request', 'Accept-Encoding': 'gzip, deflate', 'Accept': 'application/json', 'Connection': 'keep-alive', 'Authorization': 'Bearer GL5z-PCQkN6fW6SwAAIbb95692a9557373f325ae43cc6401b5d74a097959', 'Content-Type': 'application/x-www-form-urlencoded', 'Content-Length': '71'}
|ERROR|2023-06-02 13:01:57,077|Params: {'trade_id': 75016666, 'is_in_pips': 'true', 'is_stop': 'true', 'rate': 2.0, 'trailing_step': 0}
|ERROR|2023-06-02 13:01:57,077|Bearer token: Bearer GL5z-PCQkN6fW6SwAAIbb95692a9557373f325ae43cc6401b5d74a097959
|ERROR|2023-06-02 13:01:57,077|Connection status: established
|ERROR|2023-06-02 13:01:57,078|Socket session id: GL5z-PCQkN6fW6SwAAIb
|ERROR|2023-06-02 13:01:57,078|Can not parse server answer to json object: {"response":{"executed":false,"error":"{\"code\":18,\"message\":\"The Stop distance must be \",\"parameters\":[\"<\",0]}"},"data":{}}.
|ERROR|2023-06-02 13:29:20,628|packet queue is empty, aborting
|ERROR|2023-06-02 13:34:44,090|packet queue is empty, aborting
|ERROR|2023-06-02 13:40:02,693|packet queue is empty, aborting
|ERROR|2023-06-02 13:46:14,375|packet queue is empty, aborting
|ERROR|2023-06-02 13:47:48,050|Connection error: ('Connection aborted.', RemoteDisconnected('Remote end closed connection without response'))
|ERROR|2023-06-02 13:49:43,376|packet queue is empty, aborting
|ERROR|2023-06-02 13:57:46,104|packet queue is empty, aborting
|ERROR|2023-06-02 14:02:34,359|packet queue is empty, aborting
|ERROR|2023-06-02 14:02:43,113|packet queue is empty, aborting
|ERROR|2023-06-02 14:04:43,782|Connection error: ('Connection aborted.', RemoteDisconnected('Remote end closed connection without response'))
|ERROR|2023-06-02 14:06:32,505|packet queue is empty, aborting
|ERROR|2023-06-02 14:08:20,386|packet queue is empty, aborting
|ERROR|2023-06-02 14:12:40,655|packet queue is empty, aborting
|ERROR|2023-06-02 14:23:04,477|packet queue is empty, aborting
|ERROR|2023-06-02 14:45:12,176|packet queue is empty, aborting
|ERROR|2023-06-02 14:54:51,595|packet queue is empty, aborting
|ERROR|2023-06-02 14:59:36,680|packet queue is empty, aborting
|ERROR|2023-06-02 15:02:50,691|packet queue is empty, aborting
|ERROR|2023-06-02 15:10:28,376|packet queue is empty, aborting
|ERROR|2023-06-02 15:16:22,244|packet queue is empty, aborting
|ERROR|2023-06-02 15:20:40,585|packet queue is empty, aborting
|ERROR|2023-06-02 15:21:48,000|Connection error: ('Connection aborted.', RemoteDisconnected('Remote end closed connection without response'))
|ERROR|2023-06-02 15:29:58,099|packet queue is empty, aborting
|ERROR|2023-06-02 15:34:16,452|packet queue is empty, aborting
|ERROR|2023-06-02 15:38:20,086|packet queue is empty, aborting
|ERROR|2023-06-05 09:22:45,989|Connection error: {'message': 'Your token is not authorized, please contact admin@fxcm.com'}
|ERROR|2023-06-05 09:25:27,656|Connection error: {'message': 'Your token is not authorized, please contact admin@fxcm.com'}
|ERROR|2023-06-05 09:28:08,644|Connection error: {'message': 'Your token is not authorized, please contact admin@fxcm.com'}
|ERROR|2023-06-05 09:30:50,099|Connection error: {'message': 'Your token is not authorized, please contact admin@fxcm.com'}
|ERROR|2023-06-05 09:33:31,211|Connection error: {'message': 'Your token is not authorized, please contact admin@fxcm.com'}
|ERROR|2023-06-05 09:36:12,960|Connection error: {'message': 'Your token is not authorized, please contact admin@fxcm.com'}
|ERROR|2023-06-05 09:38:14,210|Connection error: {'message': 'Your token is not authorized, please contact admin@fxcm.com'}
|ERROR|2023-06-05 09:40:00,345|Socket returns unknown error.
|ERROR|2023-06-05 09:40:55,176|Connection error: {'message': 'Your token is not authorized, please contact admin@fxcm.com'}
|ERROR|2023-06-05 09:41:00,357|Socket returns unknown error.
|ERROR|2023-06-05 09:42:00,367|Socket returns unknown error.
|ERROR|2023-06-05 09:42:52,439|Connection error: {'message': 'Your token is not authorized, please contact admin@fxcm.com'}
|ERROR|2023-06-05 09:54:04,615|Connection error: {'message': 'Your token is not authorized, please contact admin@fxcm.com'}
|ERROR|2023-06-05 09:56:46,344|Connection error: {'message': 'Your token is not authorized, please contact admin@fxcm.com'}
|ERROR|2023-06-05 09:59:27,924|Connection error: {'message': 'Your token is not authorized, please contact admin@fxcm.com'}
|ERROR|2023-06-05 10:02:10,447|Connection error: {'message': 'Your token is not authorized, please contact admin@fxcm.com'}
|ERROR|2023-06-05 10:04:50,711|Connection error: {'message': 'Your token is not authorized, please contact admin@fxcm.com'}
|ERROR|2023-06-05 10:07:09,969|Connection error: {'message': 'Your token is not authorized, please contact admin@fxcm.com'}
|ERROR|2023-06-05 10:09:00,290|Connection error: {'message': 'Your token is not authorized, please contact admin@fxcm.com'}
|ERROR|2023-06-05 10:11:40,525|Connection error: {'message': 'Your token is not authorized, please contact admin@fxcm.com'}
|ERROR|2023-06-05 10:14:20,866|Connection error: {'message': 'Your token is not authorized, please contact admin@fxcm.com'}
|ERROR|2023-06-05 10:17:01,793|Connection error: {'message': 'Your token is not authorized, please contact admin@fxcm.com'}
|ERROR|2023-06-05 10:19:43,322|Connection error: {'message': 'Your token is not authorized, please contact admin@fxcm.com'}
|ERROR|2023-06-05 10:22:24,187|Connection error: {'message': 'Your token is not authorized, please contact admin@fxcm.com'}
|ERROR|2023-06-05 10:24:01,593|Connection error: {'message': 'Your token is not authorized, please contact admin@fxcm.com'}
|ERROR|2023-06-05 10:26:43,134|Connection error: {'message': 'Your token is not authorized, please contact admin@fxcm.com'}
|ERROR|2023-06-05 10:29:23,988|Connection error: {'message': 'Your token is not authorized, please contact admin@fxcm.com'}
|ERROR|2023-06-05 10:32:21,262|Connection error: {'message': 'Your token is not authorized, please contact admin@fxcm.com'}
|ERROR|2023-06-05 10:35:02,918|Connection error: {'message': 'Your token is not authorized, please contact admin@fxcm.com'}
|ERROR|2023-06-05 10:37:44,734|Connection error: {'message': 'Your token is not authorized, please contact admin@fxcm.com'}
|ERROR|2023-06-05 10:40:26,892|Connection error: {'message': 'Your token is not authorized, please contact admin@fxcm.com'}
|ERROR|2023-06-05 10:40:37,570|Connection error: {'message': 'Your token is not authorized, please contact admin@fxcm.com'}
|ERROR|2023-06-05 10:43:06,024|Connection error: {'message': 'Your token is not authorized, please contact admin@fxcm.com'}
|ERROR|2023-06-05 10:43:14,695|Connection error: {'message': 'Your token is not authorized, please contact admin@fxcm.com'}
